<?xml version="1.0" encoding="UTF-8"?>
<!-- Generated by org.testng.reporters.JUnitReportReporter -->
<testsuite hostname="DESKTOP-L8C7NVJ" failures="0" tests="1" name="com.automation.testcases.Login" time="5.867" errors="0" timestamp="29 Dec 2022 20:05:46 GMT" skipped="0">
  <testcase classname="com.automation.testcases.Login" name="loginApp" time="5.867"/>
</testsuite> <!-- com.automation.testcases.Login -->
